<?xml version="1.0" encoding="UTF-8"?>
<!-- Generated by org.testng.reporters.JUnitReportReporter -->
<testsuite skipped="0" hostname="A2ML41893" name="com.mindtree.testing.TestNG_Demo" tests="1" failures="0" timestamp="2021-02-23T22:51:13 IST" time="7.093" errors="0">
  <testcase name="googleSearch" time="7.093" classname="com.mindtree.testing.TestNG_Demo"/>
  <system-out/>
</testsuite> <!-- com.mindtree.testing.TestNG_Demo -->
